{"level":"info","message":"Express server listenned on a port8888","timestamp":"2017-03-02T19:55:38.390Z"}
{"level":"info","message":"Обрезка base84 0","timestamp":"2017-03-02T19:55:38.817Z"}
{"level":"info","message":"Парсинг в PNG 35","timestamp":"2017-03-02T19:55:38.852Z"}
{"level":"info","message":"Создание переменных 0","timestamp":"2017-03-02T19:55:38.853Z"}
{"level":"info","message":"Заполнение массива 17","timestamp":"2017-03-02T19:55:38.870Z"}
{"level":"info","message":"Cортровка массива 1","timestamp":"2017-03-02T19:55:38.871Z"}
{"level":"info","message":"Создание дерева 2","timestamp":"2017-03-02T19:55:38.873Z"}
{"level":"info","message":"Создание таблицы 1","timestamp":"2017-03-02T19:55:38.874Z"}
{"level":"info","message":"Кодировка 68","timestamp":"2017-03-02T19:55:38.942Z"}
{"level":"info","message":"Express server listenned on a port8888","timestamp":"2017-03-02T19:55:47.919Z"}
{"level":"info","message":"Express server listenned on a port8888","timestamp":"2017-03-02T20:11:01.928Z"}
{"level":"info","message":"Express server listenned on a port8888","timestamp":"2017-03-02T20:12:02.911Z"}
{"level":"info","message":"Обрезка base84 0","timestamp":"2017-03-02T20:12:03.352Z"}
{"level":"info","message":"Парсинг в PNG 38","timestamp":"2017-03-02T20:12:03.391Z"}
{"level":"info","message":"Создание переменных 0","timestamp":"2017-03-02T20:12:03.391Z"}
{"level":"info","message":"Заполнение массива 16","timestamp":"2017-03-02T20:12:03.408Z"}
{"level":"info","message":"Cортровка массива 0","timestamp":"2017-03-02T20:12:03.409Z"}
{"level":"info","message":"Создание дерева 2","timestamp":"2017-03-02T20:12:03.411Z"}
{"level":"info","message":"Создание таблицы 0","timestamp":"2017-03-02T20:12:03.412Z"}
{"level":"info","message":"Кодировка 65","timestamp":"2017-03-02T20:12:03.478Z"}
{"level":"info","message":"Express server listenned on a port8888","timestamp":"2017-03-02T21:17:34.368Z"}
{"level":"info","message":"Express server listenned on a port8888","timestamp":"2017-03-02T21:18:25.304Z"}
{"level":"info","message":"Кодировка 17","timestamp":"2017-03-02T21:18:28.478Z"}
{"level":"info","message":"Express server listenned on a port8888","timestamp":"2017-03-02T21:19:49.759Z"}
{"level":"info","message":"Обрезка base84 0","timestamp":"2017-03-02T21:21:26.476Z"}
{"level":"info","message":"Парсинг в PNG 51","timestamp":"2017-03-02T21:21:26.545Z"}
{"level":"info","message":"Создание переменных 0","timestamp":"2017-03-02T21:21:26.546Z"}
{"level":"info","message":"Заполнение массива 20","timestamp":"2017-03-02T21:21:26.568Z"}
{"level":"info","message":"Cортровка массива 0","timestamp":"2017-03-02T21:21:26.569Z"}
{"level":"info","message":"Создание дерева 2","timestamp":"2017-03-02T21:21:26.571Z"}
{"level":"info","message":"Создание таблицы 1","timestamp":"2017-03-02T21:21:26.572Z"}
{"level":"info","message":"Кодировка 57","timestamp":"2017-03-02T21:21:26.630Z"}
{"level":"info","message":"Обрезка base84 0","timestamp":"2017-03-02T21:21:35.975Z"}
{"level":"info","message":"Парсинг в PNG 36","timestamp":"2017-03-02T21:21:36.012Z"}
{"level":"info","message":"Создание переменных 0","timestamp":"2017-03-02T21:21:36.013Z"}
{"level":"info","message":"Заполнение массива 41","timestamp":"2017-03-02T21:21:36.054Z"}
{"level":"info","message":"Cортровка массива 1","timestamp":"2017-03-02T21:21:36.055Z"}
{"level":"info","message":"Создание дерева 1","timestamp":"2017-03-02T21:21:36.057Z"}
{"level":"info","message":"Создание таблицы 0","timestamp":"2017-03-02T21:21:36.058Z"}
{"level":"info","message":"Кодировка 44","timestamp":"2017-03-02T21:21:36.103Z"}
{"level":"info","message":"Express server listenned on a port8888","timestamp":"2017-03-02T21:21:55.678Z"}
{"level":"info","message":"Кодировка 18","timestamp":"2017-03-02T21:21:57.580Z"}
{"level":"info","message":"Кодировка 16","timestamp":"2017-03-02T21:22:02.076Z"}
{"level":"info","message":"Express server listenned on a port8888","timestamp":"2017-03-02T21:22:24.008Z"}
{"level":"info","message":"Создание таблицы 0","timestamp":"2017-03-02T21:22:29.049Z"}
{"level":"info","message":"Кодировка 37","timestamp":"2017-03-02T21:22:29.086Z"}
{"level":"info","message":"Express server listenned on a port8888","timestamp":"2017-03-02T21:23:03.235Z"}
{"level":"info","message":"Кодировка 31","timestamp":"2017-03-02T21:23:04.578Z"}
{"level":"info","message":"Кодировка 16","timestamp":"2017-03-02T21:23:09.704Z"}
{"level":"info","message":"Express server listenned on a port8888","timestamp":"2017-03-02T21:23:30.715Z"}
{"level":"info","message":"Express server listenned on a port8888","timestamp":"2017-03-02T21:23:46.651Z"}
{"level":"info","message":"Express server listenned on a port8888","timestamp":"2017-03-02T21:24:27.688Z"}
{"level":"info","message":"Express server listenned on a port8888","timestamp":"2017-03-02T21:24:52.178Z"}
{"level":"info","message":"Кодировка 47","timestamp":"2017-03-02T21:24:53.756Z"}
{"level":"info","message":"Кодировка 78","timestamp":"2017-03-02T21:25:04.819Z"}
{"level":"info","message":"Express server listenned on a port8888","timestamp":"2017-03-02T21:25:16.421Z"}
{"level":"info","message":"Кодировка 110","timestamp":"2017-03-02T21:25:24.562Z"}
{"level":"info","message":"Express server listenned on a port8888","timestamp":"2017-03-02T21:25:47.469Z"}
{"level":"info","message":"Кодировка 16","timestamp":"2017-03-02T21:25:49.781Z"}
{"level":"info","message":"Кодировка 16","timestamp":"2017-03-02T21:25:53.625Z"}
{"level":"info","message":"Кодировка 15","timestamp":"2017-03-02T21:25:58.172Z"}
{"level":"info","message":"Express server listenned on a port8888","timestamp":"2017-03-02T21:26:39.480Z"}
{"level":"info","message":"Express server listenned on a port8888","timestamp":"2017-03-02T21:26:54.455Z"}
{"level":"info","message":"Создание таблицы 0","timestamp":"2017-03-02T21:26:58.389Z"}
{"level":"info","message":"Кодировка 16","timestamp":"2017-03-02T21:26:58.405Z"}
{"level":"info","message":"Создание таблицы 0","timestamp":"2017-03-02T21:27:05.468Z"}
{"level":"info","message":"Кодировка 47","timestamp":"2017-03-02T21:27:05.515Z"}
{"level":"info","message":"Создание таблицы 0","timestamp":"2017-03-02T21:27:09.234Z"}
{"level":"info","message":"Кодировка 15","timestamp":"2017-03-02T21:27:09.249Z"}
{"level":"info","message":"Создание таблицы 0","timestamp":"2017-03-02T21:27:13.109Z"}
{"level":"info","message":"Кодировка 47","timestamp":"2017-03-02T21:27:13.156Z"}
{"level":"info","message":"Создание таблицы 0","timestamp":"2017-03-02T21:27:16.281Z"}
{"level":"info","message":"Кодировка 16","timestamp":"2017-03-02T21:27:16.297Z"}
{"level":"info","message":"Создание таблицы 0","timestamp":"2017-03-02T21:27:20.234Z"}
{"level":"info","message":"Кодировка 32","timestamp":"2017-03-02T21:27:20.266Z"}
{"level":"info","message":"Создание таблицы 0","timestamp":"2017-03-02T21:27:23.734Z"}
{"level":"info","message":"Кодировка 16","timestamp":"2017-03-02T21:27:23.750Z"}
{"level":"info","message":"Создание таблицы 0","timestamp":"2017-03-02T21:27:27.094Z"}
{"level":"info","message":"Кодировка 16","timestamp":"2017-03-02T21:27:27.110Z"}
{"level":"info","message":"Express server listenned on a port8888","timestamp":"2017-03-02T21:27:49.195Z"}
{"level":"info","message":"Создание таблицы 0","timestamp":"2017-03-02T21:27:51.617Z"}
{"level":"info","message":"Кодировка 15","timestamp":"2017-03-02T21:27:51.632Z"}
{"level":"info","message":"Создание таблицы 0","timestamp":"2017-03-02T21:27:58.679Z"}
{"level":"info","message":"Кодировка 16","timestamp":"2017-03-02T21:27:58.711Z"}
{"level":"info","message":"Создание таблицы 0","timestamp":"2017-03-02T21:28:00.492Z"}
{"level":"info","message":"Кодировка 16","timestamp":"2017-03-02T21:28:00.508Z"}
{"level":"info","message":"Создание таблицы 0","timestamp":"2017-03-02T21:28:01.836Z"}
{"level":"info","message":"Кодировка 15","timestamp":"2017-03-02T21:28:01.851Z"}
{"level":"info","message":"Express server listenned on a port8888","timestamp":"2017-03-02T21:28:26.709Z"}
{"level":"info","message":"Создание дерева 0","timestamp":"2017-03-02T21:28:30.224Z"}
{"level":"info","message":"Создание таблицы 0","timestamp":"2017-03-02T21:28:30.224Z"}
{"level":"info","message":"Кодировка 16","timestamp":"2017-03-02T21:28:30.240Z"}
{"level":"info","message":"Создание дерева 0","timestamp":"2017-03-02T21:28:32.021Z"}
{"level":"info","message":"Создание таблицы 0","timestamp":"2017-03-02T21:28:32.021Z"}
{"level":"info","message":"Кодировка 32","timestamp":"2017-03-02T21:28:32.053Z"}
{"level":"info","message":"Создание дерева 0","timestamp":"2017-03-02T21:28:33.428Z"}
{"level":"info","message":"Создание таблицы 0","timestamp":"2017-03-02T21:28:33.428Z"}
{"level":"info","message":"Кодировка 15","timestamp":"2017-03-02T21:28:33.443Z"}
{"level":"info","message":"Создание дерева 0","timestamp":"2017-03-02T21:28:34.631Z"}
{"level":"info","message":"Создание таблицы 0","timestamp":"2017-03-02T21:28:34.631Z"}
{"level":"info","message":"Кодировка 31","timestamp":"2017-03-02T21:28:34.662Z"}
{"level":"info","message":"Создание дерева 0","timestamp":"2017-03-02T21:28:36.318Z"}
{"level":"info","message":"Создание таблицы 0","timestamp":"2017-03-02T21:28:36.318Z"}
{"level":"info","message":"Кодировка 16","timestamp":"2017-03-02T21:28:36.350Z"}
{"level":"info","message":"Создание дерева 0","timestamp":"2017-03-02T21:28:37.740Z"}
{"level":"info","message":"Создание таблицы 0","timestamp":"2017-03-02T21:28:37.740Z"}
{"level":"info","message":"Кодировка 16","timestamp":"2017-03-02T21:28:37.756Z"}
{"level":"info","message":"Express server listenned on a port8888","timestamp":"2017-03-02T21:28:55.720Z"}
{"level":"info","message":"Cортровка массива 0","timestamp":"2017-03-02T21:28:58.267Z"}
{"level":"info","message":"Создание дерева 0","timestamp":"2017-03-02T21:28:58.267Z"}
{"level":"info","message":"Создание таблицы 0","timestamp":"2017-03-02T21:28:58.267Z"}
{"level":"info","message":"Кодировка 15","timestamp":"2017-03-02T21:28:58.282Z"}
{"level":"info","message":"Cортровка массива 0","timestamp":"2017-03-02T21:28:59.954Z"}
{"level":"info","message":"Создание дерева 0","timestamp":"2017-03-02T21:28:59.954Z"}
{"level":"info","message":"Создание таблицы 0","timestamp":"2017-03-02T21:28:59.954Z"}
{"level":"info","message":"Кодировка 31","timestamp":"2017-03-02T21:28:59.985Z"}
{"level":"info","message":"Cортровка массива 0","timestamp":"2017-03-02T21:29:01.392Z"}
{"level":"info","message":"Создание дерева 0","timestamp":"2017-03-02T21:29:01.392Z"}
{"level":"info","message":"Создание таблицы 0","timestamp":"2017-03-02T21:29:01.392Z"}
{"level":"info","message":"Кодировка 15","timestamp":"2017-03-02T21:29:01.407Z"}
{"level":"info","message":"Cортровка массива 0","timestamp":"2017-03-02T21:29:02.642Z"}
{"level":"info","message":"Создание дерева 0","timestamp":"2017-03-02T21:29:02.642Z"}
{"level":"info","message":"Создание таблицы 0","timestamp":"2017-03-02T21:29:02.642Z"}
{"level":"info","message":"Кодировка 15","timestamp":"2017-03-02T21:29:02.657Z"}
{"level":"info","message":"Cортровка массива 0","timestamp":"2017-03-02T21:29:03.861Z"}
{"level":"info","message":"Создание дерева 0","timestamp":"2017-03-02T21:29:03.861Z"}
{"level":"info","message":"Создание таблицы 15","timestamp":"2017-03-02T21:29:03.876Z"}
{"level":"info","message":"Кодировка 16","timestamp":"2017-03-02T21:29:03.892Z"}
{"level":"info","message":"Cортровка массива 0","timestamp":"2017-03-02T21:29:05.689Z"}
{"level":"info","message":"Создание дерева 0","timestamp":"2017-03-02T21:29:05.689Z"}
{"level":"info","message":"Создание таблицы 0","timestamp":"2017-03-02T21:29:05.689Z"}
{"level":"info","message":"Кодировка 31","timestamp":"2017-03-02T21:29:05.720Z"}
{"level":"info","message":"Cортровка массива 0","timestamp":"2017-03-02T21:29:08.376Z"}
{"level":"info","message":"Создание дерева 0","timestamp":"2017-03-02T21:29:08.376Z"}
{"level":"info","message":"Создание таблицы 0","timestamp":"2017-03-02T21:29:08.376Z"}
{"level":"info","message":"Кодировка 32","timestamp":"2017-03-02T21:29:08.408Z"}
{"level":"info","message":"Cортровка массива 0","timestamp":"2017-03-02T21:29:09.976Z"}
{"level":"info","message":"Создание дерева 0","timestamp":"2017-03-02T21:29:09.976Z"}
{"level":"info","message":"Создание таблицы 0","timestamp":"2017-03-02T21:29:09.976Z"}
{"level":"info","message":"Кодировка 31","timestamp":"2017-03-02T21:29:10.007Z"}
{"level":"info","message":"Cортровка массива 0","timestamp":"2017-03-02T21:29:13.116Z"}
{"level":"info","message":"Создание дерева 0","timestamp":"2017-03-02T21:29:13.116Z"}
{"level":"info","message":"Создание таблицы 0","timestamp":"2017-03-02T21:29:13.116Z"}
{"level":"info","message":"Кодировка 16","timestamp":"2017-03-02T21:29:13.132Z"}
{"level":"info","message":"Cортровка массива 0","timestamp":"2017-03-02T21:29:15.663Z"}
{"level":"info","message":"Создание дерева 0","timestamp":"2017-03-02T21:29:15.663Z"}
{"level":"info","message":"Создание таблицы 0","timestamp":"2017-03-02T21:29:15.663Z"}
{"level":"info","message":"Кодировка 47","timestamp":"2017-03-02T21:29:15.710Z"}
{"level":"info","message":"Cортровка массива 0","timestamp":"2017-03-02T21:29:17.617Z"}
{"level":"info","message":"Создание дерева 0","timestamp":"2017-03-02T21:29:17.617Z"}
{"level":"info","message":"Создание таблицы 0","timestamp":"2017-03-02T21:29:17.617Z"}
{"level":"info","message":"Кодировка 15","timestamp":"2017-03-02T21:29:17.648Z"}
{"level":"info","message":"Cортровка массива 0","timestamp":"2017-03-02T21:29:19.945Z"}
{"level":"info","message":"Создание дерева 0","timestamp":"2017-03-02T21:29:19.945Z"}
{"level":"info","message":"Создание таблицы 0","timestamp":"2017-03-02T21:29:19.945Z"}
{"level":"info","message":"Кодировка 62","timestamp":"2017-03-02T21:29:20.007Z"}
{"level":"info","message":"Cортровка массива 0","timestamp":"2017-03-02T21:29:21.757Z"}
{"level":"info","message":"Создание дерева 0","timestamp":"2017-03-02T21:29:21.757Z"}
{"level":"info","message":"Создание таблицы 0","timestamp":"2017-03-02T21:29:21.773Z"}
{"level":"info","message":"Кодировка 31","timestamp":"2017-03-02T21:29:21.804Z"}
{"level":"info","message":"Cортровка массива 0","timestamp":"2017-03-02T21:29:23.414Z"}
{"level":"info","message":"Создание дерева 0","timestamp":"2017-03-02T21:29:23.414Z"}
{"level":"info","message":"Создание таблицы 0","timestamp":"2017-03-02T21:29:23.414Z"}
{"level":"info","message":"Кодировка 31","timestamp":"2017-03-02T21:29:23.445Z"}
{"level":"info","message":"Cортровка массива 0","timestamp":"2017-03-02T21:29:25.695Z"}
{"level":"info","message":"Создание дерева 0","timestamp":"2017-03-02T21:29:25.711Z"}
{"level":"info","message":"Создание таблицы 0","timestamp":"2017-03-02T21:29:25.711Z"}
{"level":"info","message":"Кодировка 15","timestamp":"2017-03-02T21:29:25.726Z"}
{"level":"info","message":"Express server listenned on a port8888","timestamp":"2017-03-02T21:29:51.121Z"}
{"level":"info","message":"Заполнение массива 16","timestamp":"2017-03-02T21:29:52.621Z"}
{"level":"info","message":"Cортровка массива 0","timestamp":"2017-03-02T21:29:52.621Z"}
{"level":"info","message":"Создание дерева 0","timestamp":"2017-03-02T21:29:52.621Z"}
{"level":"info","message":"Создание таблицы 0","timestamp":"2017-03-02T21:29:52.621Z"}
{"level":"info","message":"Кодировка 15","timestamp":"2017-03-02T21:29:52.636Z"}
{"level":"info","message":"Заполнение массива 16","timestamp":"2017-03-02T21:29:54.230Z"}
{"level":"info","message":"Cортровка массива 0","timestamp":"2017-03-02T21:29:54.230Z"}
{"level":"info","message":"Создание дерева 0","timestamp":"2017-03-02T21:29:54.230Z"}
{"level":"info","message":"Создание таблицы 0","timestamp":"2017-03-02T21:29:54.230Z"}
{"level":"info","message":"Кодировка 16","timestamp":"2017-03-02T21:29:54.246Z"}
{"level":"info","message":"Заполнение массива 47","timestamp":"2017-03-02T21:29:55.668Z"}
{"level":"info","message":"Cортровка массива 0","timestamp":"2017-03-02T21:29:55.668Z"}
{"level":"info","message":"Создание дерева 0","timestamp":"2017-03-02T21:29:55.668Z"}
{"level":"info","message":"Создание таблицы 0","timestamp":"2017-03-02T21:29:55.668Z"}
{"level":"info","message":"Кодировка 15","timestamp":"2017-03-02T21:29:55.683Z"}
{"level":"info","message":"Заполнение массива 15","timestamp":"2017-03-02T21:29:56.980Z"}
{"level":"info","message":"Cортровка массива 0","timestamp":"2017-03-02T21:29:56.980Z"}
{"level":"info","message":"Создание дерева 0","timestamp":"2017-03-02T21:29:56.980Z"}
{"level":"info","message":"Создание таблицы 0","timestamp":"2017-03-02T21:29:56.980Z"}
{"level":"info","message":"Кодировка 16","timestamp":"2017-03-02T21:29:56.996Z"}
{"level":"info","message":"Express server listenned on a port8888","timestamp":"2017-03-02T21:30:21.577Z"}
{"level":"info","message":"Express server listenned on a port8888","timestamp":"2017-03-02T21:30:41.545Z"}
{"level":"info","message":"Создание переменных 0","timestamp":"2017-03-02T21:30:44.701Z"}
{"level":"info","message":"Заполнение массива 16","timestamp":"2017-03-02T21:30:44.717Z"}
{"level":"info","message":"Cортровка массива 0","timestamp":"2017-03-02T21:30:44.717Z"}
{"level":"info","message":"Создание дерева 15","timestamp":"2017-03-02T21:30:44.732Z"}
{"level":"info","message":"Создание таблицы 0","timestamp":"2017-03-02T21:30:44.732Z"}
{"level":"info","message":"Кодировка 16","timestamp":"2017-03-02T21:30:44.748Z"}
{"level":"info","message":"Создание переменных 0","timestamp":"2017-03-02T21:30:46.310Z"}
{"level":"info","message":"Заполнение массива 47","timestamp":"2017-03-02T21:30:46.357Z"}
{"level":"info","message":"Cортровка массива 0","timestamp":"2017-03-02T21:30:46.357Z"}
{"level":"info","message":"Создание дерева 0","timestamp":"2017-03-02T21:30:46.357Z"}
{"level":"info","message":"Создание таблицы 0","timestamp":"2017-03-02T21:30:46.357Z"}
{"level":"info","message":"Кодировка 16","timestamp":"2017-03-02T21:30:46.373Z"}
{"level":"info","message":"Создание переменных 0","timestamp":"2017-03-02T21:30:52.608Z"}
{"level":"info","message":"Заполнение массива 15","timestamp":"2017-03-02T21:30:52.623Z"}
{"level":"info","message":"Cортровка массива 0","timestamp":"2017-03-02T21:30:52.623Z"}
{"level":"info","message":"Создание дерева 0","timestamp":"2017-03-02T21:30:52.623Z"}
{"level":"info","message":"Создание таблицы 0","timestamp":"2017-03-02T21:30:52.623Z"}
{"level":"info","message":"Кодировка 16","timestamp":"2017-03-02T21:30:52.639Z"}
{"level":"info","message":"Express server listenned on a port8888","timestamp":"2017-03-02T21:31:19.814Z"}
{"level":"info","message":"Парсинг в PNG 1488490282391","timestamp":"2017-03-02T21:31:22.392Z"}
{"level":"info","message":"Создание переменных 0","timestamp":"2017-03-02T21:31:22.407Z"}
{"level":"info","message":"Заполнение массива 16","timestamp":"2017-03-02T21:31:22.423Z"}
{"level":"info","message":"Cортровка массива 0","timestamp":"2017-03-02T21:31:22.423Z"}
{"level":"info","message":"Создание дерева 0","timestamp":"2017-03-02T21:31:22.423Z"}
{"level":"info","message":"Создание таблицы 0","timestamp":"2017-03-02T21:31:22.423Z"}
{"level":"info","message":"Кодировка 16","timestamp":"2017-03-02T21:31:22.454Z"}
{"level":"info","message":"Парсинг в PNG 1488490284125","timestamp":"2017-03-02T21:31:24.126Z"}
{"level":"info","message":"Создание переменных 0","timestamp":"2017-03-02T21:31:24.126Z"}
{"level":"info","message":"Заполнение массива 47","timestamp":"2017-03-02T21:31:24.173Z"}
{"level":"info","message":"Cортровка массива 0","timestamp":"2017-03-02T21:31:24.173Z"}
{"level":"info","message":"Создание дерева 0","timestamp":"2017-03-02T21:31:24.173Z"}
{"level":"info","message":"Создание таблицы 0","timestamp":"2017-03-02T21:31:24.173Z"}
{"level":"info","message":"Кодировка 16","timestamp":"2017-03-02T21:31:24.189Z"}
{"level":"info","message":"Парсинг в PNG 1488490285625","timestamp":"2017-03-02T21:31:25.626Z"}
{"level":"info","message":"Создание переменных 0","timestamp":"2017-03-02T21:31:25.626Z"}
{"level":"info","message":"Заполнение массива 16","timestamp":"2017-03-02T21:31:25.642Z"}
{"level":"info","message":"Cортровка массива 0","timestamp":"2017-03-02T21:31:25.642Z"}
{"level":"info","message":"Создание дерева 0","timestamp":"2017-03-02T21:31:25.642Z"}
{"level":"info","message":"Создание таблицы 0","timestamp":"2017-03-02T21:31:25.642Z"}
{"level":"info","message":"Кодировка 16","timestamp":"2017-03-02T21:31:25.658Z"}
{"level":"info","message":"Express server listenned on a port8888","timestamp":"2017-03-02T21:31:38.911Z"}
{"level":"info","message":"Обрезка base84 0","timestamp":"2017-03-02T21:31:40.473Z"}
{"level":"info","message":"Парсинг в PNG 1488490300503","timestamp":"2017-03-02T21:31:40.520Z"}
{"level":"info","message":"Создание переменных 0","timestamp":"2017-03-02T21:31:40.520Z"}
{"level":"info","message":"Заполнение массива 16","timestamp":"2017-03-02T21:31:40.536Z"}
{"level":"info","message":"Cортровка массива 0","timestamp":"2017-03-02T21:31:40.536Z"}
{"level":"info","message":"Создание дерева 0","timestamp":"2017-03-02T21:31:40.536Z"}
{"level":"info","message":"Создание таблицы 0","timestamp":"2017-03-02T21:31:40.536Z"}
{"level":"info","message":"Кодировка 15","timestamp":"2017-03-02T21:31:40.551Z"}
{"level":"info","message":"Обрезка base84 0","timestamp":"2017-03-02T21:31:42.192Z"}
{"level":"info","message":"Парсинг в PNG 1488490302222","timestamp":"2017-03-02T21:31:42.223Z"}
{"level":"info","message":"Создание переменных 0","timestamp":"2017-03-02T21:31:42.223Z"}
{"level":"info","message":"Заполнение массива 31","timestamp":"2017-03-02T21:31:42.270Z"}
{"level":"info","message":"Cортровка массива 0","timestamp":"2017-03-02T21:31:42.270Z"}
{"level":"info","message":"Создание дерева 0","timestamp":"2017-03-02T21:31:42.270Z"}
{"level":"info","message":"Создание таблицы 0","timestamp":"2017-03-02T21:31:42.270Z"}
{"level":"info","message":"Кодировка 16","timestamp":"2017-03-02T21:31:42.286Z"}
{"level":"info","message":"Обрезка base84 0","timestamp":"2017-03-02T21:31:43.723Z"}
{"level":"info","message":"Парсинг в PNG 1488490303738","timestamp":"2017-03-02T21:31:43.739Z"}
{"level":"info","message":"Создание переменных 0","timestamp":"2017-03-02T21:31:43.739Z"}
{"level":"info","message":"Заполнение массива 15","timestamp":"2017-03-02T21:31:43.754Z"}
{"level":"info","message":"Cортровка массива 0","timestamp":"2017-03-02T21:31:43.754Z"}
{"level":"info","message":"Создание дерева 0","timestamp":"2017-03-02T21:31:43.754Z"}
{"level":"info","message":"Создание таблицы 0","timestamp":"2017-03-02T21:31:43.754Z"}
{"level":"info","message":"Кодировка 16","timestamp":"2017-03-02T21:31:43.770Z"}
{"level":"info","message":"Обрезка base84 0","timestamp":"2017-03-02T21:31:45.661Z"}
{"level":"info","message":"Парсинг в PNG 1488490305691","timestamp":"2017-03-02T21:31:45.692Z"}
{"level":"info","message":"Создание переменных 0","timestamp":"2017-03-02T21:31:45.692Z"}
{"level":"info","message":"Заполнение массива 16","timestamp":"2017-03-02T21:31:45.708Z"}
{"level":"info","message":"Cортровка массива 0","timestamp":"2017-03-02T21:31:45.708Z"}
{"level":"info","message":"Создание дерева 0","timestamp":"2017-03-02T21:31:45.708Z"}
{"level":"info","message":"Создание таблицы 0","timestamp":"2017-03-02T21:31:45.708Z"}
{"level":"info","message":"Кодировка 15","timestamp":"2017-03-02T21:31:45.723Z"}
{"level":"info","message":"Обрезка base84 0","timestamp":"2017-03-02T21:34:10.622Z"}
{"level":"info","message":"Парсинг в PNG 1488490450653","timestamp":"2017-03-02T21:34:10.654Z"}
{"level":"info","message":"Создание переменных 0","timestamp":"2017-03-02T21:34:10.654Z"}
{"level":"info","message":"Заполнение массива 15","timestamp":"2017-03-02T21:34:10.669Z"}
{"level":"info","message":"Cортровка массива 0","timestamp":"2017-03-02T21:34:10.669Z"}
{"level":"info","message":"Создание дерева 0","timestamp":"2017-03-02T21:34:10.669Z"}
{"level":"info","message":"Создание таблицы 0","timestamp":"2017-03-02T21:34:10.669Z"}
{"level":"info","message":"Кодировка 63","timestamp":"2017-03-02T21:34:10.732Z"}
{"level":"info","message":"Обрезка base84 0","timestamp":"2017-03-02T21:34:14.638Z"}
{"level":"info","message":"Парсинг в PNG 1488490454653","timestamp":"2017-03-02T21:34:14.654Z"}
{"level":"info","message":"Создание переменных 0","timestamp":"2017-03-02T21:34:14.654Z"}
{"level":"info","message":"Заполнение массива 31","timestamp":"2017-03-02T21:34:14.685Z"}
{"level":"info","message":"Cортровка массива 0","timestamp":"2017-03-02T21:34:14.701Z"}
{"level":"info","message":"Создание дерева 0","timestamp":"2017-03-02T21:34:14.701Z"}
{"level":"info","message":"Создание таблицы 0","timestamp":"2017-03-02T21:34:14.701Z"}
{"level":"info","message":"Кодировка 15","timestamp":"2017-03-02T21:34:14.716Z"}
{"level":"info","message":"Обрезка base84 0","timestamp":"2017-03-02T21:36:06.332Z"}
{"level":"info","message":"Парсинг в PNG 1488490566362","timestamp":"2017-03-02T21:36:06.363Z"}
{"level":"info","message":"Создание переменных 0","timestamp":"2017-03-02T21:36:06.363Z"}
{"level":"info","message":"Заполнение массива 16","timestamp":"2017-03-02T21:36:06.379Z"}
{"level":"info","message":"Cортровка массива 16","timestamp":"2017-03-02T21:36:06.395Z"}
{"level":"info","message":"Создание дерева 0","timestamp":"2017-03-02T21:36:06.395Z"}
{"level":"info","message":"Создание таблицы 0","timestamp":"2017-03-02T21:36:06.395Z"}
{"level":"info","message":"Кодировка 62","timestamp":"2017-03-02T21:36:06.457Z"}
{"level":"info","message":"Обрезка base84 0","timestamp":"2017-03-02T21:36:11.004Z"}
{"level":"info","message":"Парсинг в PNG 1488490571035","timestamp":"2017-03-02T21:36:11.036Z"}
{"level":"info","message":"Создание переменных 0","timestamp":"2017-03-02T21:36:11.036Z"}
{"level":"info","message":"Заполнение массива 15","timestamp":"2017-03-02T21:36:11.051Z"}
{"level":"info","message":"Cортровка массива 0","timestamp":"2017-03-02T21:36:11.051Z"}
{"level":"info","message":"Создание дерева 16","timestamp":"2017-03-02T21:36:11.067Z"}
{"level":"info","message":"Создание таблицы 0","timestamp":"2017-03-02T21:36:11.067Z"}
{"level":"info","message":"Кодировка 31","timestamp":"2017-03-02T21:36:11.098Z"}
{"level":"info","message":"Обрезка base84 0","timestamp":"2017-03-02T21:36:12.754Z"}
{"level":"info","message":"Парсинг в PNG 1488490572785","timestamp":"2017-03-02T21:36:12.786Z"}
{"level":"info","message":"Создание переменных 0","timestamp":"2017-03-02T21:36:12.786Z"}
{"level":"info","message":"Заполнение массива 31","timestamp":"2017-03-02T21:36:12.817Z"}
{"level":"info","message":"Cортровка массива 0","timestamp":"2017-03-02T21:36:12.817Z"}
{"level":"info","message":"Создание дерева 0","timestamp":"2017-03-02T21:36:12.817Z"}
{"level":"info","message":"Создание таблицы 0","timestamp":"2017-03-02T21:36:12.817Z"}
{"level":"info","message":"Кодировка 16","timestamp":"2017-03-02T21:36:12.833Z"}
{"level":"info","message":"Обрезка base84 0","timestamp":"2017-03-02T21:36:14.364Z"}
{"level":"info","message":"Парсинг в PNG 1488490574379","timestamp":"2017-03-02T21:36:14.380Z"}
{"level":"info","message":"Создание переменных 0","timestamp":"2017-03-02T21:36:14.380Z"}
{"level":"info","message":"Заполнение массива 15","timestamp":"2017-03-02T21:36:14.395Z"}
{"level":"info","message":"Cортровка массива 0","timestamp":"2017-03-02T21:36:14.395Z"}
{"level":"info","message":"Создание дерева 0","timestamp":"2017-03-02T21:36:14.395Z"}
{"level":"info","message":"Создание таблицы 0","timestamp":"2017-03-02T21:36:14.395Z"}
{"level":"info","message":"Кодировка 47","timestamp":"2017-03-02T21:36:14.442Z"}
{"level":"info","message":"Обрезка base84 0","timestamp":"2017-03-02T21:36:16.380Z"}
{"level":"info","message":"Парсинг в PNG 1488490576410","timestamp":"2017-03-02T21:36:16.411Z"}
{"level":"info","message":"Создание переменных 0","timestamp":"2017-03-02T21:36:16.411Z"}
{"level":"info","message":"Заполнение массива 0","timestamp":"2017-03-02T21:36:16.427Z"}
{"level":"info","message":"Cортровка массива 0","timestamp":"2017-03-02T21:36:16.427Z"}
{"level":"info","message":"Создание дерева 15","timestamp":"2017-03-02T21:36:16.442Z"}
{"level":"info","message":"Создание таблицы 0","timestamp":"2017-03-02T21:36:16.442Z"}
{"level":"info","message":"Кодировка 16","timestamp":"2017-03-02T21:36:16.458Z"}
